<?xml version="1.0" encoding="UTF-8"?>
<!-- Generated by org.testng.reporters.JUnitXMLReporter -->
<testsuite ignored="0" hostname="YAZHISAI-DV" failures="0" tests="1" name="Test-Runner-1" time="113.853" errors="0" timestamp="2023-04-01T10:38:25 IST">
  <testcase classname="vtiger.Contact.Tests.CreateContactWithOrganizationTestTENG" name="createContactWithOrgTest" time="67.051"/>
</testsuite> <!-- Test-Runner-1 -->
