<?xml version="1.0" encoding="UTF-8"?>
<!-- Generated by org.testng.reporters.JUnitXMLReporter -->
<testsuite ignored="0" hostname="YAZHISAI-DV" failures="0" tests="2" name="Test-Runner-Chrome" time="39.642" errors="0" timestamp="2023-04-01T11:01:21 IST">
  <testcase classname="vtiger.Organization.Tests.CreateOrganizationTestPrac" name="createOrgTest" time="14.937"/>
  <testcase classname="vtiger.Organization.Tests.CreateOrganizationTestPrac" name="demo" time="0.002"/>
</testsuite> <!-- Test-Runner-Chrome -->
