<?xml version="1.0" encoding="UTF-8"?>
<!-- Generated by org.testng.reporters.JUnitReportReporter -->
<testsuite hostname="YAZHISAI-DV" failures="0" tests="4" name="vtiger.Organization.Tests.CreateMultipleOrgTestPrac" time="114.396" errors="0" timestamp="2023-03-31T18:43:51 IST" skipped="0">
  <testcase classname="vtiger.Organization.Tests.CreateMultipleOrgTestPrac" name="createOrgTest" time="26.874"/>
  <system-out/>
  <testcase classname="vtiger.Organization.Tests.CreateMultipleOrgTestPrac" name="createOrgTest" time="26.037"/>
  <system-out/>
  <testcase classname="vtiger.Organization.Tests.CreateMultipleOrgTestPrac" name="createOrgTest" time="34.250"/>
  <system-out/>
  <testcase classname="vtiger.Organization.Tests.CreateMultipleOrgTestPrac" name="createOrgTest" time="27.235"/>
  <system-out/>
</testsuite> <!-- vtiger.Organization.Tests.CreateMultipleOrgTestPrac -->
