<?xml version="1.0" encoding="UTF-8"?>
<!-- Generated by org.testng.reporters.JUnitReportReporter -->
<testsuite hostname="YAZHISAI-DV" failures="0" tests="2" name="vtiger.practice.DataProviderPractice" time="0.007" errors="0" timestamp="2023-03-31T14:20:52 IST" skipped="0">
  <testcase classname="vtiger.practice.DataProviderPractice" name="addToCart" time="0.001"/>
  <system-out/>
  <testcase classname="vtiger.practice.DataProviderPractice" name="addToCart" time="0.006"/>
  <system-out/>
</testsuite> <!-- vtiger.practice.DataProviderPractice -->
