<?xml version="1.0" encoding="UTF-8"?>
<!-- Generated by org.testng.reporters.JUnitReportReporter -->
<testsuite hostname="YAZHISAI-DV" failures="0" tests="2" name="vtiger.practice.BaseClassPractice" time="0.019" errors="0" timestamp="2023-03-31T17:31:05 IST" skipped="0">
  <testcase classname="vtiger.practice.BaseClassPractice" name="test" time="0.011"/>
  <system-out/>
  <testcase classname="vtiger.practice.BaseClassPractice" name="test2" time="0.008"/>
  <system-out/>
</testsuite> <!-- vtiger.practice.BaseClassPractice -->
