<?xml version="1.0" encoding="UTF-8"?>
<!-- Generated by org.testng.reporters.JUnitReportReporter -->
<testsuite hostname="YAZHISAI-DV" failures="0" tests="3" name="vtiger.practice.TestNGPracticeTest" time="0.021" errors="0" timestamp="2023-03-31T17:18:47 IST" skipped="0">
  <testcase classname="vtiger.practice.TestNGPracticeTest" name="modifyUserTest" time="0.002"/>
  <system-out/>
  <testcase classname="vtiger.practice.TestNGPracticeTest" name="createUserTest" time="0.016"/>
  <system-out/>
  <testcase classname="vtiger.practice.TestNGPracticeTest" name="deleteUserTest" time="0.003"/>
  <system-out/>
</testsuite> <!-- vtiger.practice.TestNGPracticeTest -->
