<?xml version="1.0" encoding="UTF-8"?>
<!-- Generated by org.testng.reporters.JUnitReportReporter -->
<testsuite hostname="YAZHISAI-DV" failures="0" tests="1" name="vtiger.Organization.Tests.CreateOrganizationTest" time="86.918" errors="0" timestamp="2023-03-21T11:49:41 IST" skipped="0">
  <testcase classname="vtiger.Organization.Tests.CreateOrganizationTest" name="createOrgTest" time="86.918"/>
  <system-out/>
</testsuite> <!-- vtiger.Organization.Tests.CreateOrganizationTest -->
